{"/Users/cf/Development/work/bluealba/ba/carryall/lib/Descriptor.js": {"path":"/Users/cf/Development/work/bluealba/ba/carryall/lib/Descriptor.js","statementMap":{"0":{"start":{"line":3,"column":11},"end":{"line":3,"column":24}},"1":{"start":{"line":4,"column":11},"end":{"line":4,"column":24}},"2":{"start":{"line":5,"column":27},"end":{"line":5,"column":58}},"3":{"start":{"line":6,"column":17},"end":{"line":6,"column":33}},"4":{"start":{"line":10,"column":2},"end":{"line":10,"column":46}},"5":{"start":{"line":11,"column":2},"end":{"line":11,"column":66}},"6":{"start":{"line":18,"column":2},"end":{"line":18,"column":33}},"7":{"start":{"line":25,"column":2},"end":{"line":25,"column":37}},"8":{"start":{"line":33,"column":26},"end":{"line":33,"column":57}},"9":{"start":{"line":34,"column":15},"end":{"line":34,"column":110}},"10":{"start":{"line":34,"column":49},"end":{"line":34,"column":109}},"11":{"start":{"line":35,"column":2},"end":{"line":39,"column":6}},"12":{"start":{"line":35,"column":30},"end":{"line":39,"column":3}},"13":{"start":{"line":43,"column":2},"end":{"line":43,"column":44}},"14":{"start":{"line":47,"column":0},"end":{"line":53,"column":1}},"15":{"start":{"line":49,"column":12},"end":{"line":49,"column":28}},"16":{"start":{"line":50,"column":11},"end":{"line":52,"column":4}},"17":{"start":{"line":50,"column":44},"end":{"line":52,"column":3}},"18":{"start":{"line":51,"column":2},"end":{"line":51,"column":64}}},"fnMap":{"0":{"name":"(anonymous_0)","decl":{"start":{"line":9,"column":1},"end":{"line":9,"column":2}},"loc":{"start":{"line":9,"column":25},"end":{"line":12,"column":2}},"line":9},"1":{"name":"(anonymous_1)","decl":{"start":{"line":17,"column":1},"end":{"line":17,"column":2}},"loc":{"start":{"line":17,"column":17},"end":{"line":19,"column":2}},"line":17},"2":{"name":"(anonymous_2)","decl":{"start":{"line":24,"column":1},"end":{"line":24,"column":2}},"loc":{"start":{"line":24,"column":27},"end":{"line":26,"column":2}},"line":24},"3":{"name":"(anonymous_3)","decl":{"start":{"line":32,"column":1},"end":{"line":32,"column":2}},"loc":{"start":{"line":32,"column":21},"end":{"line":40,"column":2}},"line":32},"4":{"name":"(anonymous_4)","decl":{"start":{"line":34,"column":37},"end":{"line":34,"column":38}},"loc":{"start":{"line":34,"column":49},"end":{"line":34,"column":109}},"line":34},"5":{"name":"(anonymous_5)","decl":{"start":{"line":35,"column":18},"end":{"line":35,"column":19}},"loc":{"start":{"line":35,"column":30},"end":{"line":39,"column":3}},"line":35},"6":{"name":"(anonymous_6)","decl":{"start":{"line":42,"column":1},"end":{"line":42,"column":2}},"loc":{"start":{"line":42,"column":22},"end":{"line":44,"column":2}},"line":42},"7":{"name":"(anonymous_7)","decl":{"start":{"line":49,"column":6},"end":{"line":49,"column":7}},"loc":{"start":{"line":49,"column":12},"end":{"line":49,"column":28}},"line":49},"8":{"name":"(anonymous_8)","decl":{"start":{"line":50,"column":5},"end":{"line":50,"column":6}},"loc":{"start":{"line":50,"column":11},"end":{"line":52,"column":4}},"line":50},"9":{"name":"(anonymous_9)","decl":{"start":{"line":50,"column":23},"end":{"line":50,"column":24}},"loc":{"start":{"line":50,"column":44},"end":{"line":52,"column":3}},"line":50},"10":{"name":"(anonymous_10)","decl":{"start":{"line":50,"column":74},"end":{"line":50,"column":75}},"loc":{"start":{"line":50,"column":89},"end":{"line":52,"column":2}},"line":50}},"branchMap":{"0":{"loc":{"start":{"line":51,"column":2},"end":{"line":51,"column":63}},"type":"cond-expr","locations":[{"start":{"line":51,"column":8},"end":{"line":51,"column":19}},{"start":{"line":51,"column":22},"end":{"line":51,"column":63}}],"line":51}},"s":{"0":1,"1":1,"2":1,"3":1,"4":3,"5":3,"6":3,"7":9,"8":1,"9":1,"10":3,"11":1,"12":2,"13":1,"14":1,"15":0,"16":0,"17":0,"18":0},"f":{"0":3,"1":3,"2":9,"3":1,"4":3,"5":2,"6":1,"7":0,"8":0,"9":0,"10":0},"b":{"0":[0,0]},"_coverageSchema":"332fd63041d2c1bcb487cc26dd0d5f7d97098a6c","hash":"a6145badd5fc4d3afaddab038a8591411f8b1297"}
,"/Users/cf/Development/work/bluealba/ba/carryall/lib/inspectEnvironment.js": {"path":"/Users/cf/Development/work/bluealba/ba/carryall/lib/inspectEnvironment.js","statementMap":{"0":{"start":{"line":3,"column":11},"end":{"line":3,"column":24}},"1":{"start":{"line":4,"column":19},"end":{"line":4,"column":35}},"2":{"start":{"line":5,"column":11},"end":{"line":5,"column":34}},"3":{"start":{"line":6,"column":13},"end":{"line":6,"column":28}},"4":{"start":{"line":8,"column":28},"end":{"line":16,"column":2}},"5":{"start":{"line":9,"column":18},"end":{"line":9,"column":72}},"6":{"start":{"line":11,"column":16},"end":{"line":11,"column":45}},"7":{"start":{"line":12,"column":1},"end":{"line":12,"column":32}},"8":{"start":{"line":12,"column":15},"end":{"line":12,"column":32}},"9":{"start":{"line":14,"column":14},"end":{"line":14,"column":41}},"10":{"start":{"line":15,"column":1},"end":{"line":15,"column":33}},"11":{"start":{"line":22,"column":0},"end":{"line":25,"column":3}},"12":{"start":{"line":23,"column":18},"end":{"line":23,"column":71}},"13":{"start":{"line":24,"column":1},"end":{"line":24,"column":36}}},"fnMap":{"0":{"name":"(anonymous_0)","decl":{"start":{"line":8,"column":36},"end":{"line":8,"column":37}},"loc":{"start":{"line":8,"column":57},"end":{"line":16,"column":1}},"line":8},"1":{"name":"(anonymous_1)","decl":{"start":{"line":22,"column":25},"end":{"line":22,"column":26}},"loc":{"start":{"line":22,"column":47},"end":{"line":25,"column":1}},"line":22}},"branchMap":{"0":{"loc":{"start":{"line":12,"column":1},"end":{"line":12,"column":32}},"type":"if","locations":[{"start":{"line":12,"column":1},"end":{"line":12,"column":32}},{"start":{"line":12,"column":1},"end":{"line":12,"column":32}}],"line":12}},"s":{"0":1,"1":1,"2":1,"3":1,"4":1,"5":0,"6":0,"7":0,"8":0,"9":0,"10":0,"11":1,"12":0,"13":0},"f":{"0":0,"1":0},"b":{"0":[0,0]},"_coverageSchema":"332fd63041d2c1bcb487cc26dd0d5f7d97098a6c","hash":"5842c150cd3c4d06170c19752b81d668eed74d52"}
,"/Users/cf/Development/work/bluealba/ba/carryall/lib/installPackages.js": {"path":"/Users/cf/Development/work/bluealba/ba/carryall/lib/installPackages.js","statementMap":{"0":{"start":{"line":3,"column":12},"end":{"line":3,"column":36}},"1":{"start":{"line":5,"column":0},"end":{"line":8,"column":1}},"2":{"start":{"line":6,"column":30},"end":{"line":6,"column":96}},"3":{"start":{"line":6,"column":60},"end":{"line":6,"column":95}},"4":{"start":{"line":7,"column":1},"end":{"line":7,"column":103}}},"fnMap":{"0":{"name":"(anonymous_0)","decl":{"start":{"line":5,"column":17},"end":{"line":5,"column":18}},"loc":{"start":{"line":5,"column":38},"end":{"line":8,"column":1}},"line":5},"1":{"name":"(anonymous_1)","decl":{"start":{"line":6,"column":52},"end":{"line":6,"column":53}},"loc":{"start":{"line":6,"column":60},"end":{"line":6,"column":95}},"line":6}},"branchMap":{},"s":{"0":1,"1":1,"2":1,"3":2,"4":1},"f":{"0":1,"1":2},"b":{},"_coverageSchema":"332fd63041d2c1bcb487cc26dd0d5f7d97098a6c","hash":"eb55878808bfa96ec88dbd852bd18555c1591dea"}
,"/Users/cf/Development/work/bluealba/ba/carryall/lib/npm-wrapper.js": {"path":"/Users/cf/Development/work/bluealba/ba/carryall/lib/npm-wrapper.js","statementMap":{"0":{"start":{"line":3,"column":18},"end":{"line":3,"column":42}},"1":{"start":{"line":5,"column":0},"end":{"line":17,"column":1}},"2":{"start":{"line":6,"column":1},"end":{"line":15,"column":3}},"3":{"start":{"line":7,"column":16},"end":{"line":10,"column":4}},"4":{"start":{"line":12,"column":2},"end":{"line":14,"column":4}},"5":{"start":{"line":13,"column":3},"end":{"line":13,"column":35}}},"fnMap":{"0":{"name":"(anonymous_0)","decl":{"start":{"line":5,"column":17},"end":{"line":5,"column":18}},"loc":{"start":{"line":5,"column":36},"end":{"line":17,"column":1}},"line":5},"1":{"name":"(anonymous_1)","decl":{"start":{"line":6,"column":20},"end":{"line":6,"column":21}},"loc":{"start":{"line":6,"column":41},"end":{"line":15,"column":2}},"line":6},"2":{"name":"(anonymous_2)","decl":{"start":{"line":12,"column":19},"end":{"line":12,"column":20}},"loc":{"start":{"line":12,"column":37},"end":{"line":14,"column":3}},"line":12}},"branchMap":{"0":{"loc":{"start":{"line":13,"column":3},"end":{"line":13,"column":34}},"type":"cond-expr","locations":[{"start":{"line":13,"column":10},"end":{"line":13,"column":22}},{"start":{"line":13,"column":25},"end":{"line":13,"column":34}}],"line":13}},"s":{"0":1,"1":1,"2":0,"3":0,"4":0,"5":0},"f":{"0":0,"1":0,"2":0},"b":{"0":[0,0]},"_coverageSchema":"332fd63041d2c1bcb487cc26dd0d5f7d97098a6c","hash":"635dea9215cd71c451483bb39754b28cad6a5b88"}
}
